This is XeTeX, Version 3.141592653-2.6-0.999993 (MiKTeX 22.1) (preloaded format=xelatex 2022.2.6)  6 JUN 2022 18:26
entering extended mode
 restricted \write18 enabled.
 file:line:error style messages enabled.
 %&-line parsing enabled.
**"c:/Users/Kutay/Desktop/Computational-Imaging/2D Projection matrix and Optimi
zation/html/Q4.tex"

(c:/Users/Kutay/Desktop/Computational-Imaging/2D Projection matrix and Optimiza
tion/html/Q4.tex
LaTeX2e <2021-11-15> patch level 1
L3 programming layer <2022-01-21>
(C:\Users\Kutay\AppData\Local\Programs\MiKTeX\tex/latex/base\article.cls
Document Class: article 2021/10/04 v1.4n Standard LaTeX document class
(C:\Users\Kutay\AppData\Local\Programs\MiKTeX\tex/latex/base\size10.clo
File: size10.clo 2021/10/04 v1.4n Standard LaTeX file (size option)
)
\c@part=\count181
\c@section=\count182
\c@subsection=\count183
\c@subsubsection=\count184
\c@paragraph=\count185
\c@subparagraph=\count186
\c@figure=\count187
\c@table=\count188
\abovecaptionskip=\skip47
\belowcaptionskip=\skip48
\bibindent=\dimen138
)
(C:\Users\Kutay\AppData\Local\Programs\MiKTeX\tex/latex/graphics\graphicx.sty
Package: graphicx 2021/09/16 v1.2d Enhanced LaTeX Graphics (DPC,SPQR)

(C:\Users\Kutay\AppData\Local\Programs\MiKTeX\tex/latex/graphics\keyval.sty
Package: keyval 2014/10/28 v1.15 key=value parser (DPC)
\KV@toks@=\toks16
)
(C:\Users\Kutay\AppData\Local\Programs\MiKTeX\tex/latex/graphics\graphics.sty
Package: graphics 2021/03/04 v1.4d Standard LaTeX Graphics (DPC,SPQR)

(C:\Users\Kutay\AppData\Local\Programs\MiKTeX\tex/latex/graphics\trig.sty
Package: trig 2021/08/11 v1.11 sin cos tan (DPC)
)
(C:\Users\Kutay\AppData\Local\Programs\MiKTeX\tex/latex/graphics-cfg\graphics.c
fg
File: graphics.cfg 2016/06/04 v1.11 sample graphics configuration
)
Package graphics Info: Driver file: xetex.def on input line 107.

(C:\Users\Kutay\AppData\Local\Programs\MiKTeX\tex/latex/graphics-def\xetex.def
File: xetex.def 2021/03/18 v5.0k Graphics/color driver for xetex
))
\Gin@req@height=\dimen139
\Gin@req@width=\dimen140
) (C:\Users\Kutay\AppData\Local\Programs\MiKTeX\tex/latex/graphics\color.sty
Package: color 2021/12/07 v1.3c Standard LaTeX Color (DPC)

(C:\Users\Kutay\AppData\Local\Programs\MiKTeX\tex/latex/graphics-cfg\color.cfg
File: color.cfg 2016/01/02 v1.6 sample color configuration
)
Package color Info: Driver file: xetex.def on input line 149.
)
(C:\Users\Kutay\AppData\Local\Programs\MiKTeX\tex/latex/l3backend\l3backend-xet
ex.def
File: l3backend-xetex.def 2022-01-12 L3 backend support: XeTeX
 ()
\c__kernel_sys_dvipdfmx_version_int=\count189
\l__color_backend_stack_int=\count190
\g__color_backend_stack_int=\count191
\g__graphics_track_int=\count192
\l__pdf_internal_box=\box50
\g__pdf_backend_object_int=\count193
\g__pdf_backend_annotation_int=\count194
\g__pdf_backend_link_int=\count195
) (Q4.aux)
\openout1 = `Q4.aux'.

LaTeX Font Info:    Checking defaults for OML/cmm/m/it on input line 13.
LaTeX Font Info:    ... okay on input line 13.
LaTeX Font Info:    Checking defaults for OMS/cmsy/m/n on input line 13.
LaTeX Font Info:    ... okay on input line 13.
LaTeX Font Info:    Checking defaults for OT1/cmr/m/n on input line 13.
LaTeX Font Info:    ... okay on input line 13.
LaTeX Font Info:    Checking defaults for T1/cmr/m/n on input line 13.
LaTeX Font Info:    ... okay on input line 13.
LaTeX Font Info:    Checking defaults for TS1/cmr/m/n on input line 13.
LaTeX Font Info:    Trying to load font information for TS1+cmr on input line 1
3.

(C:\Users\Kutay\AppData\Local\Programs\MiKTeX\tex/latex/base\ts1cmr.fd
File: ts1cmr.fd 2019/12/16 v2.5j Standard LaTeX font definitions
)
LaTeX Font Info:    ... okay on input line 13.
LaTeX Font Info:    Checking defaults for TU/lmr/m/n on input line 13.
LaTeX Font Info:    ... okay on input line 13.
LaTeX Font Info:    Checking defaults for OMX/cmex/m/n on input line 13.
LaTeX Font Info:    ... okay on input line 13.
LaTeX Font Info:    Checking defaults for U/cmr/m/n on input line 13.
LaTeX Font Info:    ... okay on input line 13.

Overfull \hbox (54.0pt too wide) in paragraph at lines 46--46
[]    \TU/lmtt/m/n/10 title({['\lambda = ',num2str(lambda)], ['N_{iter} = ',num
2str(n_iter)]})[] 
 []

File: Q4_01.eps Graphic file (type eps)
<Q4_01.eps>
File: Q4_02.eps Graphic file (type eps)
<Q4_02.eps>
[1

]
File: Q4_03.eps Graphic file (type eps)
<Q4_03.eps>
File: Q4_04.eps Graphic file (type eps)
<Q4_04.eps>
File: Q4_05.eps Graphic file (type eps)
<Q4_05.eps>
 [2]
File: Q4_06.eps Graphic file (type eps)
<Q4_06.eps>
File: Q4_07.eps Graphic file (type eps)
<Q4_07.eps>
File: Q4_08.eps Graphic file (type eps)
<Q4_08.eps>
 [3]
File: Q4_09.eps Graphic file (type eps)
<Q4_09.eps>
File: Q4_10.eps Graphic file (type eps)
<Q4_10.eps>
File: Q4_11.eps Graphic file (type eps)
<Q4_11.eps>
 [4]
File: Q4_12.eps Graphic file (type eps)
<Q4_12.eps>
File: Q4_13.eps Graphic file (type eps)
<Q4_13.eps>
File: Q4_14.eps Graphic file (type eps)
<Q4_14.eps>
 [5]
File: Q4_15.eps Graphic file (type eps)
<Q4_15.eps>
File: Q4_16.eps Graphic file (type eps)
<Q4_16.eps>
File: Q4_17.eps Graphic file (type eps)
<Q4_17.eps>
 [6]
File: Q4_18.eps Graphic file (type eps)
<Q4_18.eps>
File: Q4_19.eps Graphic file (type eps)
<Q4_19.eps>
File: Q4_20.eps Graphic file (type eps)
<Q4_20.eps>
 [7] [8] (Q4.aux) ) 
Here is how much of TeX's memory you used:
 1083 strings out of 410978
 18673 string characters out of 2824014
 319630 words of memory out of 3000000
 21830 multiletter control sequences out of 15000+600000
 469291 words of font info for 32 fonts, out of 8000000 for 9000
 1348 hyphenation exceptions out of 8191
 55i,6n,62p,287b,165s stack positions out of 5000i,500n,10000p,200000b,80000s

Output written on Q4.pdf (8 pages).
